<?xml version="1.0" encoding="UTF-8"?>
<!-- Generated by org.testng.reporters.JUnitReportReporter -->
<testsuite hostname="DESKTOP-EAT9E8B" name="com.training.sanity.tests.LoginTests" tests="1" failures="0" timestamp="19 Nov 2019 04:41:45 GMT" time="27.064" errors="0">
  <testcase name="validLoginTest" time="27.064" classname="com.training.sanity.tests.LoginTests"/>
</testsuite> <!-- com.training.sanity.tests.LoginTests -->
