<?xml version="1.0" encoding="UTF-8"?>
<!-- Generated by org.testng.reporters.JUnitReportReporter -->
<testsuite hostname="DESKTOP-EAT9E8B" name="com.training.sanity.tests.UNF_simple_Test" tests="3" failures="0" timestamp="25 Nov 2019 10:41:56 GMT" time="73.897" errors="0">
  <testcase name="UNF044Test" time="34.325" classname="com.training.sanity.tests.UNF_simple_Test"/>
  <testcase name="UNF043Test" time="18.886" classname="com.training.sanity.tests.UNF_simple_Test"/>
  <testcase name="UNF045Test" time="20.686" classname="com.training.sanity.tests.UNF_simple_Test"/>
</testsuite> <!-- com.training.sanity.tests.UNF_simple_Test -->
