<?xml version="1.0" encoding="UTF-8"?>
<!-- Generated by org.testng.reporters.JUnitReportReporter -->
<testsuite hostname="DESKTOP-EAT9E8B" name="simple.Test1" tests="1" failures="0" timestamp="19 Nov 2019 03:30:47 GMT" time="24.843" errors="0">
  <testcase name="magnetoLogin" time="24.843" classname="simple.Test1"/>
</testsuite> <!-- simple.Test1 -->
