<?xml version="1.0" encoding="UTF-8"?>
<!-- Generated by org.testng.reporters.JUnitReportReporter -->
<testsuite hostname="DESKTOP-EAT9E8B" name="com.training.sanity.tests.UNF013_Test" tests="1" failures="0" timestamp="21 Nov 2019 10:11:15 GMT" time="25.505" errors="0">
  <testcase name="UNF013Test" time="25.505" classname="com.training.sanity.tests.UNF013_Test"/>
</testsuite> <!-- com.training.sanity.tests.UNF013_Test -->
